#
# A fatal error has been detected by the Java Runtime Environment:
#
#  EXCEPTION_ACCESS_VIOLATION (0xc0000005) at pc=0x77342b96, pid=1764, tid=3268
#
# JRE version: Java(TM) SE Runtime Environment (8.0_25-b18) (build 1.8.0_25-b18)
# Java VM: Java HotSpot(TM) Client VM (25.25-b02 mixed mode, sharing windows-x86 )
# Problematic frame:
# C  [ntdll.dll+0x52b96]
#
# Failed to write core dump. Minidumps are not enabled by default on client versions of Windows
#
# If you would like to submit a bug report, please visit:
#   http://bugreport.sun.com/bugreport/crash.jsp
# The crash happened outside the Java Virtual Machine in native code.
# See problematic frame for where to report the bug.
#

---------------  T H R E A D  ---------------

Current thread (0x160f6c00):  JavaThread "AWT-Windows" daemon [_thread_in_native, id=3268, stack(0x16810000,0x16a10000)]

siginfo: ExceptionCode=0xc0000005, reading address 0x15521bc0

Registers:
EAX=0x0000aaf8, EBX=0x154cc400, ECX=0x00000061, EDX=0x000007ff
ESP=0x16a0dbb0, EBP=0x16a0dbd8, ESI=0x15521bc0, EDI=0x16b60000
EIP=0x77342b96, EFLAGS=0x00210206

Top of Stack: (sp=0x16a0dbb0)
0x16a0dbb0:   16b60000 154cc400 00000000 07010006
0x16a0dbc0:   00000000 16a0dba4 16b6a808 16a0dcc0
0x16a0dbd0:   7730d74d 001e4a60 16a0dcd0 77342e7d
0x16a0dbe0:   16b60000 15521bc0 16a0dca0 00000000
0x16a0dbf0:   618a86d8 00000000 16b60000 154cc408
0x16a0dc00:   00000081 154cbff8 16b60000 154ccfe0
0x16a0dc10:   7734c5d8 5d050000 154b0848 16b60150
0x16a0dc20:   0000017c 16b60000 16b6b958 00000081 

Instructions: (pc=0x77342b96)
0x77342b76:   22 4f 52 32 4e 02 f6 c1 01 0f 84 09 34 00 00 83
0x77342b86:   7f 4c 00 8b 45 10 8b 00 8d 34 c3 89 75 0c 74 1d
0x77342b96:   8b 06 89 45 e4 33 47 50 8a c8 32 cc 89 45 e4 32
0x77342ba6:   4d e6 c1 e8 18 3a c1 0f 85 20 49 03 00 8b 47 4c 


Register to memory mapping:

EAX=0x0000aaf8 is an unknown value
EBX=0x154cc400 is an unknown value
ECX=0x00000061 is an unknown value
EDX=0x000007ff is an unknown value
ESP=0x16a0dbb0 is pointing into the stack for thread: 0x160f6c00
EBP=0x16a0dbd8 is pointing into the stack for thread: 0x160f6c00
ESI=0x15521bc0 is an unknown value
EDI=0x16b60000 is an unknown value


Stack: [0x16810000,0x16a10000],  sp=0x16a0dbb0,  free space=2038k
Native frames: (J=compiled Java code, j=interpreted, Vv=VM code, C=native code)
C  [ntdll.dll+0x52b96]
C  [ntdll.dll+0x52e7d]
C  [ntdll.dll+0x52d68]
C  [kernel32.dll+0x4f1ac]
C  [atiumdag.dll+0x3dddb]
C  [atiumdva.dll+0xdd5f]
C  [atiumdva.dll+0xdc00]
C  [atiumdva.dll+0x4d8b]
C  [atiumdva.dll+0x4c9d]
C  [atiumdva.dll+0x1418]

Java frames: (J=compiled Java code, j=interpreted, Vv=VM code)
j  sun.awt.windows.WToolkit.eventLoop()V+0
j  sun.awt.windows.WToolkit.run()V+58
j  java.lang.Thread.run()V+11
v  ~StubRoutines::call_stub

---------------  P R O C E S S  ---------------

Java Threads: ( => current thread )
=>0x160f6c00 JavaThread "AWT-Windows" daemon [_thread_in_native, id=3268, stack(0x16810000,0x16a10000)]
  0x160f5800 JavaThread "AWT-Shutdown" [_thread_blocked, id=2744, stack(0x16610000,0x16810000)]
  0x16094000 JavaThread "Java2D Disposer" daemon [_thread_blocked, id=3300, stack(0x16410000,0x16610000)]
  0x017c4800 JavaThread "Service Thread" daemon [_thread_blocked, id=2092, stack(0x15c10000,0x15e10000)]
  0x01786400 JavaThread "C1 CompilerThread0" daemon [_thread_blocked, id=308, stack(0x15a10000,0x15c10000)]
  0x01785400 JavaThread "Attach Listener" daemon [_thread_blocked, id=2068, stack(0x15810000,0x15a10000)]
  0x01782400 JavaThread "Signal Dispatcher" daemon [_thread_blocked, id=2036, stack(0x15610000,0x15810000)]
  0x01775c00 JavaThread "Finalizer" daemon [_thread_blocked, id=2808, stack(0x15130000,0x15330000)]
  0x01770c00 JavaThread "Reference Handler" daemon [_thread_blocked, id=3980, stack(0x14f30000,0x15130000)]
  0x01a4b400 JavaThread "main" [_thread_in_native, id=952, stack(0x00030000,0x00230000)]

Other Threads:
  0x0176e800 VMThread [stack: 0x14d30000,0x14f30000] [id=3264]
  0x017cb800 WatcherThread [stack: 0x15e10000,0x16010000] [id=1168]

VM state:not at safepoint (normal execution)

VM Mutex/Monitor currently owned by a thread: None

Heap:
 def new generation   total 4928K, used 3096K [0x03c00000, 0x04150000, 0x09150000)
  eden space 4416K,  70% used [0x03c00000, 0x03f06170, 0x04050000)
  from space 512K,   0% used [0x04050000, 0x04050000, 0x040d0000)
  to   space 512K,   0% used [0x040d0000, 0x040d0000, 0x04150000)
 tenured generation   total 10944K, used 0K [0x09150000, 0x09c00000, 0x13c00000)
   the space 10944K,   0% used [0x09150000, 0x09150000, 0x09150200, 0x09c00000)
 Metaspace       used 925K, capacity 2390K, committed 2496K, reserved 4480K

Card table byte_map: [0x00790000,0x00820000] byte_map_base: 0x00772000

Polling page: 0x003c0000

CodeCache: size=32768Kb used=781Kb max_used=781Kb free=31986Kb
 bounds [0x01a50000, 0x01b18000, 0x03a50000]
 total_blobs=290 nmethods=99 adapters=123
 compilation: enabled

Compilation events (10 events):
Event: 0.271 Thread 0x01786400   92             jdk.internal.org.objectweb.asm.Item::set (143 bytes)
Event: 0.271 Thread 0x01786400 nmethod 92 0x01b0ee48 code [0x01b0ef90, 0x01b0f1a8]
Event: 0.275 Thread 0x01786400   93             java.lang.ref.Reference::get (5 bytes)
Event: 0.275 Thread 0x01786400 nmethod 93 0x01b0f408 code [0x01b0f500, 0x01b0f580]
Event: 0.284 Thread 0x01786400   96             sun.awt.image.ByteInterleavedRaster::putByteData (834 bytes)
Event: 0.286 Thread 0x01786400 nmethod 96 0x01b0ffc8 code [0x01b10180, 0x01b10b74]
Event: 0.300 Thread 0x01786400   97             java.lang.invoke.MemberName::isInvocable (7 bytes)
Event: 0.301 Thread 0x01786400 nmethod 97 0x01b13188 code [0x01b13280, 0x01b13320]
Event: 0.306 Thread 0x01786400   99             jdk.internal.org.objectweb.asm.ByteVector::putShort (52 bytes)
Event: 0.306 Thread 0x01786400 nmethod 99 0x01b13488 code [0x01b13590, 0x01b1369c]

GC Heap History (0 events):
No events

Deoptimization events (0 events):
No events

Internal exceptions (10 events):
Event: 0.068 Thread 0x01a4b400 Exception <a 'java/security/PrivilegedActionException'> (0x03cd4f30) thrown at [C:\re\workspace\8-2-build-windows-i586-cygwin\jdk8u25\1677\hotspot\src\share\vm\prims\jvm.cpp, line 1312]
Event: 0.069 Thread 0x01a4b400 Exception <a 'java/security/PrivilegedActionException'> (0x03cd72c8) thrown at [C:\re\workspace\8-2-build-windows-i586-cygwin\jdk8u25\1677\hotspot\src\share\vm\prims\jvm.cpp, line 1312]
Event: 0.069 Thread 0x01a4b400 Exception <a 'java/security/PrivilegedActionException'> (0x03cd7478) thrown at [C:\re\workspace\8-2-build-windows-i586-cygwin\jdk8u25\1677\hotspot\src\share\vm\prims\jvm.cpp, line 1312]
Event: 0.071 Thread 0x01a4b400 Exception <a 'java/io/FileNotFoundException'> (0x03cd9320) thrown at [C:\re\workspace\8-2-build-windows-i586-cygwin\jdk8u25\1677\hotspot\src\share\vm\prims\jni.cpp, line 716]
Event: 0.243 Thread 0x01a4b400 Exception <a 'java/lang/ClassNotFoundException': java/lang/Null> (0x03d69f18) thrown at [C:\re\workspace\8-2-build-windows-i586-cygwin\jdk8u25\1677\hotspot\src\share\vm\classfile\systemDictionary.cpp, line 202]
Event: 0.259 Thread 0x01a4b400 Exception <a 'java/lang/NoSuchFieldError': method resolution failed> (0x03dc4568) thrown at [C:\re\workspace\8-2-build-windows-i586-cygwin\jdk8u25\1677\hotspot\src\share\vm\prims\methodHandles.cpp, line 1159]
Event: 0.262 Thread 0x01a4b400 Exception <a 'java/lang/NoSuchFieldError': method resolution failed> (0x03dd1d30) thrown at [C:\re\workspace\8-2-build-windows-i586-cygwin\jdk8u25\1677\hotspot\src\share\vm\prims\methodHandles.cpp, line 1159]
Event: 0.263 Thread 0x01a4b400 Exception <a 'java/lang/NoSuchFieldError': method resolution failed> (0x03dd4908) thrown at [C:\re\workspace\8-2-build-windows-i586-cygwin\jdk8u25\1677\hotspot\src\share\vm\prims\methodHandles.cpp, line 1159]
Event: 0.292 Thread 0x01a4b400 Exception <a 'java/security/PrivilegedActionException'> (0x03ed8268) thrown at [C:\re\workspace\8-2-build-windows-i586-cygwin\jdk8u25\1677\hotspot\src\share\vm\prims\jvm.cpp, line 1312]
Event: 0.299 Thread 0x01a4b400 Exception <a 'java/io/FileNotFoundException'> (0x03ee8bf8) thrown at [C:\re\workspace\8-2-build-windows-i586-cygwin\jdk8u25\1677\hotspot\src\share\vm\prims\jni.cpp, line 716]

Events (10 events):
Event: 0.281 loading class java/awt/image/ComponentColorModel
Event: 0.281 loading class java/awt/image/ComponentColorModel done
Event: 0.283 loading class sun/awt/image/ShortComponentRaster
Event: 0.283 loading class sun/awt/image/ShortComponentRaster done
Event: 0.292 loading class bluej/SplashWindow
Event: 0.292 loading class bluej/SplashWindow done
Event: 0.300 Thread 0x160f5800 Thread added: 0x160f5800
Event: 0.301 Thread 0x160f6c00 Thread added: 0x160f6c00
Event: 0.304 loading class java/lang/invoke/DirectMethodHandle$Special
Event: 0.304 loading class java/lang/invoke/DirectMethodHandle$Special done


Dynamic libraries:
0x00400000 - 0x004a5000 	C:\Program Files\BlueJ\BlueJ.exe
0x772f0000 - 0x7742c000 	C:\Windows\SYSTEM32\ntdll.dll
0x75fc0000 - 0x76094000 	C:\Windows\system32\kernel32.dll
0x755d0000 - 0x7561a000 	C:\Windows\system32\KERNELBASE.dll
0x77480000 - 0x77520000 	C:\Windows\system32\ADVAPI32.DLL
0x76fb0000 - 0x7705c000 	C:\Windows\system32\msvcrt.dll
0x75750000 - 0x75769000 	C:\Windows\SYSTEM32\sechost.dll
0x759d0000 - 0x75a71000 	C:\Windows\system32\RPCRT4.dll
0x75cf0000 - 0x75d6b000 	C:\Windows\system32\COMDLG32.DLL
0x75970000 - 0x759c7000 	C:\Windows\system32\SHLWAPI.dll
0x75ba0000 - 0x75bee000 	C:\Windows\system32\GDI32.dll
0x75bf0000 - 0x75cb9000 	C:\Windows\system32\USER32.dll
0x75740000 - 0x7574a000 	C:\Windows\system32\LPK.dll
0x77060000 - 0x770fd000 	C:\Windows\system32\USP10.dll
0x75510000 - 0x75594000 	C:\Windows\WinSxS\x86_microsoft.windows.common-controls_6595b64144ccf1df_5.82.7600.16385_none_ebf82fc36c758ad5\COMCTL32.dll
0x76360000 - 0x76fa9000 	C:\Windows\system32\SHELL32.dll
0x74780000 - 0x74789000 	C:\Windows\system32\VERSION.dll
0x77460000 - 0x7747f000 	C:\Windows\system32\IMM32.DLL
0x75d70000 - 0x75e3c000 	C:\Windows\system32\MSCTF.dll
0x5d330000 - 0x5d6d4000 	D:\Java\jdk1.8.0_25\jre\bin\client\jvm.dll
0x73780000 - 0x73787000 	C:\Windows\system32\WSOCK32.dll
0x75e40000 - 0x75e75000 	C:\Windows\system32\WS2_32.dll
0x77450000 - 0x77456000 	C:\Windows\system32\NSI.dll
0x70660000 - 0x70692000 	C:\Windows\system32\WINMM.dll
0x77430000 - 0x77435000 	C:\Windows\system32\PSAPI.DLL
0x61900000 - 0x619bf000 	C:\Windows\system32\MSVCR100.dll
0x70950000 - 0x7095c000 	D:\Java\jdk1.8.0_25\jre\bin\verify.dll
0x70740000 - 0x70761000 	D:\Java\jdk1.8.0_25\jre\bin\java.dll
0x70780000 - 0x70793000 	D:\Java\jdk1.8.0_25\jre\bin\zip.dll
0x761a0000 - 0x762fc000 	C:\Windows\system32\ole32.dll
0x75440000 - 0x7544b000 	C:\Windows\system32\profapi.dll
0x616f0000 - 0x61836000 	D:\Java\jdk1.8.0_25\jre\bin\awt.dll
0x75b10000 - 0x75b9f000 	C:\Windows\system32\OLEAUT32.dll
0x74ef0000 - 0x74f06000 	C:\Windows\system32\CRYPTSP.dll
0x74c60000 - 0x74c9b000 	C:\Windows\system32\rsaenh.dll
0x74aa0000 - 0x74ab7000 	C:\Windows\system32\USERENV.dll
0x753c0000 - 0x753cc000 	C:\Windows\system32\CRYPTBASE.dll
0x706e0000 - 0x706f5000 	D:\Java\jdk1.8.0_25\jre\bin\net.dll
0x74eb0000 - 0x74eec000 	C:\Windows\system32\mswsock.dll
0x74ea0000 - 0x74ea6000 	C:\Windows\System32\wship6.dll
0x735a0000 - 0x735bc000 	C:\Windows\system32\IPHLPAPI.DLL
0x73580000 - 0x73587000 	C:\Windows\system32\WINNSI.DLL
0x73450000 - 0x73462000 	C:\Windows\system32\dhcpcsvc.DLL
0x73440000 - 0x7344d000 	C:\Windows\system32\dhcpcsvc6.DLL
0x74290000 - 0x7429f000 	D:\Java\jdk1.8.0_25\jre\bin\nio.dll
0x6ef90000 - 0x6efb5000 	D:\Java\jdk1.8.0_25\jre\bin\jpeg.dll
0x73db0000 - 0x73dc3000 	C:\Windows\system32\DWMAPI.DLL
0x74130000 - 0x74170000 	C:\Windows\system32\uxtheme.dll
0x63550000 - 0x63713000 	C:\Windows\system32\d3d9.dll
0x638b0000 - 0x638b6000 	C:\Windows\system32\d3d8thk.dll
0x61370000 - 0x616e6000 	C:\Windows\system32\atiumdag.dll
0x5d050000 - 0x5d32c000 	C:\Windows\system32\atiumdva.dll
0x6fc90000 - 0x6fd7b000 	C:\Windows\system32\dbghelp.dll

VM Arguments:
java_command: <unknown>
java_class_path (initial): C:\Program Files\BlueJ\lib\bluej.jar;D:\Java\jdk1.8.0_25\lib\tools.jar
Launcher Type: generic

Environment Variables:
PATH=C:\ProgramData\Oracle\Java\javapath;C:\Windows\system32;C:\Windows;C:\Windows\System32\Wbem;C:\Windows\System32\WindowsPowerShell\v1.0\;C:\Program Files\WIDCOMM\Bluetooth Software\;C:\Program Files\AMD\ATI.ACE\Core-Static
USERNAME=home
OS=Windows_NT
PROCESSOR_IDENTIFIER=x86 Family 6 Model 37 Stepping 2, GenuineIntel



---------------  S Y S T E M  ---------------

OS: Windows 7 Build 7600 

CPU:total 4 (2 cores per cpu, 2 threads per core) family 6 model 37 stepping 2, cmov, cx8, fxsr, mmx, sse, sse2, sse3, ssse3, sse4.1, sse4.2, popcnt, ht, tsc, tscinvbit

Memory: 4k page, physical 3651684k(2641856k free), swap 7301604k(6083304k free)

vm_info: Java HotSpot(TM) Client VM (25.25-b02) for windows-x86 JRE (1.8.0_25-b18), built on Oct  7 2014 14:31:05 by "java_re" with MS VC++ 10.0 (VS2010)

time: Sun Feb 15 15:58:30 2015
elapsed time: 0 seconds (0d 0h 0m 0s)

