#
# A fatal error has been detected by the Java Runtime Environment:
#
#  EXCEPTION_ACCESS_VIOLATION (0xc0000005) at pc=0x77345fbd, pid=1320, tid=3288
#
# JRE version: Java(TM) SE Runtime Environment (8.0_25-b18) (build 1.8.0_25-b18)
# Java VM: Java HotSpot(TM) Client VM (25.25-b02 mixed mode windows-x86 )
# Problematic frame:
# C  [ntdll.dll+0x55fbd]
#
# Failed to write core dump. Minidumps are not enabled by default on client versions of Windows
#
# If you would like to submit a bug report, please visit:
#   http://bugreport.sun.com/bugreport/crash.jsp
# The crash happened outside the Java Virtual Machine in native code.
# See problematic frame for where to report the bug.
#

---------------  T H R E A D  ---------------

Current thread (0x1420d800):  JavaThread "AWT-Windows" daemon [_thread_in_native, id=3288, stack(0x15960000,0x15b60000)]

siginfo: ExceptionCode=0xc0000005, reading address 0x00000004

Registers:
EAX=0x15d9b248, EBX=0x15d9c400, ECX=0x00000000, EDX=0x00000000
ESP=0x15b5ddb0, EBP=0x15b5ddd8, ESI=0x15d9b240, EDI=0x16250000
EIP=0x77345fbd, EFLAGS=0x00210246

Top of Stack: (sp=0x15b5ddb0)
0x15b5ddb0:   16250000 15d9c400 00000000 07010006
0x15b5ddc0:   0000000a 15b5dda4 1625a808 00000000
0x15b5ddd0:   7730d74d 0020ea7a 15b5ded0 77342e7d
0x15b5dde0:   16250000 15d9c400 15b5dea0 00000000
0x15b5ddf0:   62a124c2 00000000 16250000 15d9c408
0x15b5de00:   00000081 15d9bff8 16250000 15d9cfe0
0x15b5de10:   7734c5d8 5c440000 15d80848 16250150
0x15b5de20:   0000017c 16250000 1625b958 00000081 

Instructions: (pc=0x77345fbd)
0x77345f9d:   46 02 38 46 03 0f 85 76 12 03 00 80 7d 14 00 0f
0x77345fad:   85 7a 12 03 00 8b 56 0c 8d 46 08 8b 08 89 4d f4
0x77345fbd:   8b 49 04 89 55 ec 8b 12 3b d1 0f 85 69 14 03 00
0x77345fcd:   3b d0 0f 85 61 14 03 00 0f b7 06 29 47 78 8b 87 


Register to memory mapping:

EAX=0x15d9b248 is an unknown value
EBX=0x15d9c400 is an unknown value
ECX=0x00000000 is an unknown value
EDX=0x00000000 is an unknown value
ESP=0x15b5ddb0 is pointing into the stack for thread: 0x1420d800
EBP=0x15b5ddd8 is pointing into the stack for thread: 0x1420d800
ESI=0x15d9b240 is an unknown value
EDI=0x16250000 is an unknown value


Stack: [0x15960000,0x15b60000],  sp=0x15b5ddb0,  free space=2039k
Native frames: (J=compiled Java code, j=interpreted, Vv=VM code, C=native code)
C  [ntdll.dll+0x55fbd]
C  [ntdll.dll+0x52e7d]
C  [ntdll.dll+0x52d68]
C  [kernel32.dll+0x4f1ac]
C  [atiumdag.dll+0x3dddb]
C  [atiumdva.dll+0xdd5f]
C  [atiumdva.dll+0xdc00]
C  [atiumdva.dll+0x4d8b]
C  [atiumdva.dll+0x4c9d]
C  [atiumdva.dll+0x1418]

Java frames: (J=compiled Java code, j=interpreted, Vv=VM code)
j  sun.awt.windows.WToolkit.eventLoop()V+0
j  sun.awt.windows.WToolkit.run()V+58
j  java.lang.Thread.run()V+11
v  ~StubRoutines::call_stub

---------------  P R O C E S S  ---------------

Java Threads: ( => current thread )
=>0x1420d800 JavaThread "AWT-Windows" daemon [_thread_in_native, id=3288, stack(0x15960000,0x15b60000)]
  0x141ed400 JavaThread "AWT-Shutdown" [_thread_blocked, id=3740, stack(0x15760000,0x15960000)]
  0x141dd000 JavaThread "Java2D Disposer" daemon [_thread_blocked, id=1664, stack(0x15560000,0x15760000)]
  0x140c1800 JavaThread "Service Thread" daemon [_thread_blocked, id=1980, stack(0x14e60000,0x15060000)]
  0x140b9400 JavaThread "C1 CompilerThread0" daemon [_thread_blocked, id=1260, stack(0x14c60000,0x14e60000)]
  0x140c9400 JavaThread "Attach Listener" daemon [_thread_blocked, id=2024, stack(0x14a60000,0x14c60000)]
  0x140c6400 JavaThread "Signal Dispatcher" daemon [_thread_blocked, id=1972, stack(0x14860000,0x14a60000)]
  0x1407f400 JavaThread "Finalizer" daemon [_thread_blocked, id=4060, stack(0x14660000,0x14860000)]
  0x1407a400 JavaThread "Reference Handler" daemon [_thread_blocked, id=308, stack(0x14460000,0x14660000)]
  0x01abb800 JavaThread "main" [_thread_in_native, id=3404, stack(0x00030000,0x00230000)]

Other Threads:
  0x14075c00 VMThread [stack: 0x14260000,0x14460000] [id=3652]
  0x140c3000 WatcherThread [stack: 0x15060000,0x15260000] [id=1552]

VM state:not at safepoint (normal execution)

VM Mutex/Monitor currently owned by a thread: None

Heap:
 def new generation   total 4928K, used 3134K [0x03c00000, 0x04150000, 0x09150000)
  eden space 4416K,  70% used [0x03c00000, 0x03f0f948, 0x04050000)
  from space 512K,   0% used [0x04050000, 0x04050000, 0x040d0000)
  to   space 512K,   0% used [0x040d0000, 0x040d0000, 0x04150000)
 tenured generation   total 10944K, used 0K [0x09150000, 0x09c00000, 0x13c00000)
   the space 10944K,   0% used [0x09150000, 0x09150000, 0x09150200, 0x09c00000)
 Metaspace       used 4314K, capacity 4408K, committed 4416K, reserved 4480K

Card table byte_map: [0x01810000,0x018a0000] byte_map_base: 0x017f2000

Polling page: 0x003c0000

CodeCache: size=32768Kb used=803Kb max_used=803Kb free=31964Kb
 bounds [0x01ac0000, 0x01b90000, 0x03ac0000]
 total_blobs=293 nmethods=102 adapters=123
 compilation: enabled

Compilation events (10 events):
Event: 0.340 Thread 0x140b9400   94             java.lang.ref.Reference::get (5 bytes)
Event: 0.340 Thread 0x140b9400 nmethod 94 0x01b842c8 code [0x01b843c0, 0x01b84440]
Event: 0.340 Thread 0x140b9400   96             jdk.internal.org.objectweb.asm.Item::set (143 bytes)
Event: 0.340 Thread 0x140b9400 nmethod 96 0x01b84488 code [0x01b845d0, 0x01b847e8]
Event: 0.356 Thread 0x140b9400   99             sun.awt.image.ByteInterleavedRaster::putByteData (834 bytes)
Event: 0.358 Thread 0x140b9400 nmethod 99 0x01b85448 code [0x01b85600, 0x01b85ff4]
Event: 0.383 Thread 0x140b9400  100             java.lang.invoke.MemberName::isInvocable (7 bytes)
Event: 0.384 Thread 0x140b9400 nmethod 100 0x01b88608 code [0x01b88700, 0x01b887a0]
Event: 0.389 Thread 0x140b9400  102             jdk.internal.org.objectweb.asm.ByteVector::putShort (52 bytes)
Event: 0.390 Thread 0x140b9400 nmethod 102 0x01b88908 code [0x01b88a10, 0x01b88b1c]

GC Heap History (0 events):
No events

Deoptimization events (0 events):
No events

Internal exceptions (10 events):
Event: 0.117 Thread 0x01abb800 Exception <a 'java/security/PrivilegedActionException'> (0x03cdbfc0) thrown at [C:\re\workspace\8-2-build-windows-i586-cygwin\jdk8u25\1677\hotspot\src\share\vm\prims\jvm.cpp, line 1312]
Event: 0.118 Thread 0x01abb800 Exception <a 'java/security/PrivilegedActionException'> (0x03cdf8e0) thrown at [C:\re\workspace\8-2-build-windows-i586-cygwin\jdk8u25\1677\hotspot\src\share\vm\prims\jvm.cpp, line 1312]
Event: 0.118 Thread 0x01abb800 Exception <a 'java/security/PrivilegedActionException'> (0x03cdfa90) thrown at [C:\re\workspace\8-2-build-windows-i586-cygwin\jdk8u25\1677\hotspot\src\share\vm\prims\jvm.cpp, line 1312]
Event: 0.122 Thread 0x01abb800 Exception <a 'java/io/FileNotFoundException'> (0x03ce1a28) thrown at [C:\re\workspace\8-2-build-windows-i586-cygwin\jdk8u25\1677\hotspot\src\share\vm\prims\jni.cpp, line 716]
Event: 0.311 Thread 0x01abb800 Exception <a 'java/lang/ClassNotFoundException': java/lang/Null> (0x03d73708) thrown at [C:\re\workspace\8-2-build-windows-i586-cygwin\jdk8u25\1677\hotspot\src\share\vm\classfile\systemDictionary.cpp, line 202]
Event: 0.328 Thread 0x01abb800 Exception <a 'java/lang/NoSuchFieldError': method resolution failed> (0x03dcdd28) thrown at [C:\re\workspace\8-2-build-windows-i586-cygwin\jdk8u25\1677\hotspot\src\share\vm\prims\methodHandles.cpp, line 1159]
Event: 0.331 Thread 0x01abb800 Exception <a 'java/lang/NoSuchFieldError': method resolution failed> (0x03ddb4f0) thrown at [C:\re\workspace\8-2-build-windows-i586-cygwin\jdk8u25\1677\hotspot\src\share\vm\prims\methodHandles.cpp, line 1159]
Event: 0.332 Thread 0x01abb800 Exception <a 'java/lang/NoSuchFieldError': method resolution failed> (0x03dde0c8) thrown at [C:\re\workspace\8-2-build-windows-i586-cygwin\jdk8u25\1677\hotspot\src\share\vm\prims\methodHandles.cpp, line 1159]
Event: 0.365 Thread 0x01abb800 Exception <a 'java/security/PrivilegedActionException'> (0x03ee1a40) thrown at [C:\re\workspace\8-2-build-windows-i586-cygwin\jdk8u25\1677\hotspot\src\share\vm\prims\jvm.cpp, line 1312]
Event: 0.381 Thread 0x01abb800 Exception <a 'java/io/FileNotFoundException'> (0x03ef2530) thrown at [C:\re\workspace\8-2-build-windows-i586-cygwin\jdk8u25\1677\hotspot\src\share\vm\prims\jni.cpp, line 716]

Events (10 events):
Event: 0.382 loading class sun/misc/PerformanceLogger$TimeData
Event: 0.383 loading class sun/misc/PerformanceLogger$TimeData done
Event: 0.383 loading class sun/awt/windows/WToolkit$ToolkitDisposer
Event: 0.383 loading class sun/awt/windows/WToolkit$ToolkitDisposer done
Event: 0.383 loading class sun/awt/AWTAutoShutdown
Event: 0.383 loading class sun/awt/AWTAutoShutdown done
Event: 0.383 Thread 0x141ed400 Thread added: 0x141ed400
Event: 0.384 Thread 0x1420d800 Thread added: 0x1420d800
Event: 0.388 loading class java/lang/invoke/DirectMethodHandle$Special
Event: 0.388 loading class java/lang/invoke/DirectMethodHandle$Special done


Dynamic libraries:
0x00400000 - 0x004a5000 	C:\Program Files\BlueJ\BlueJ.exe
0x772f0000 - 0x7742c000 	C:\Windows\SYSTEM32\ntdll.dll
0x75fc0000 - 0x76094000 	C:\Windows\system32\kernel32.dll
0x755d0000 - 0x7561a000 	C:\Windows\system32\KERNELBASE.dll
0x77480000 - 0x77520000 	C:\Windows\system32\ADVAPI32.DLL
0x76fb0000 - 0x7705c000 	C:\Windows\system32\msvcrt.dll
0x75750000 - 0x75769000 	C:\Windows\SYSTEM32\sechost.dll
0x759d0000 - 0x75a71000 	C:\Windows\system32\RPCRT4.dll
0x75cf0000 - 0x75d6b000 	C:\Windows\system32\COMDLG32.DLL
0x75970000 - 0x759c7000 	C:\Windows\system32\SHLWAPI.dll
0x75ba0000 - 0x75bee000 	C:\Windows\system32\GDI32.dll
0x75bf0000 - 0x75cb9000 	C:\Windows\system32\USER32.dll
0x75740000 - 0x7574a000 	C:\Windows\system32\LPK.dll
0x77060000 - 0x770fd000 	C:\Windows\system32\USP10.dll
0x75510000 - 0x75594000 	C:\Windows\WinSxS\x86_microsoft.windows.common-controls_6595b64144ccf1df_5.82.7600.16385_none_ebf82fc36c758ad5\COMCTL32.dll
0x76360000 - 0x76fa9000 	C:\Windows\system32\SHELL32.dll
0x74780000 - 0x74789000 	C:\Windows\system32\VERSION.dll
0x77460000 - 0x7747f000 	C:\Windows\system32\IMM32.DLL
0x75d70000 - 0x75e3c000 	C:\Windows\system32\MSCTF.dll
0x5caa0000 - 0x5ce44000 	C:\Program Files\Java\jdk1.8.0_25\jre\bin\client\jvm.dll
0x73780000 - 0x73787000 	C:\Windows\system32\WSOCK32.dll
0x75e40000 - 0x75e75000 	C:\Windows\system32\WS2_32.dll
0x77450000 - 0x77456000 	C:\Windows\system32\NSI.dll
0x70660000 - 0x70692000 	C:\Windows\system32\WINMM.dll
0x77430000 - 0x77435000 	C:\Windows\system32\PSAPI.DLL
0x62440000 - 0x624ff000 	C:\Windows\system32\MSVCR100.dll
0x74290000 - 0x7429c000 	C:\Program Files\Java\jdk1.8.0_25\jre\bin\verify.dll
0x6fb60000 - 0x6fb81000 	C:\Program Files\Java\jdk1.8.0_25\jre\bin\java.dll
0x6fb40000 - 0x6fb53000 	C:\Program Files\Java\jdk1.8.0_25\jre\bin\zip.dll
0x761a0000 - 0x762fc000 	C:\Windows\system32\ole32.dll
0x75440000 - 0x7544b000 	C:\Windows\system32\profapi.dll
0x622f0000 - 0x62436000 	C:\Program Files\Java\jdk1.8.0_25\jre\bin\awt.dll
0x75b10000 - 0x75b9f000 	C:\Windows\system32\OLEAUT32.dll
0x74ef0000 - 0x74f06000 	C:\Windows\system32\CRYPTSP.dll
0x74c60000 - 0x74c9b000 	C:\Windows\system32\rsaenh.dll
0x74aa0000 - 0x74ab7000 	C:\Windows\system32\USERENV.dll
0x753c0000 - 0x753cc000 	C:\Windows\system32\CRYPTBASE.dll
0x70940000 - 0x70955000 	C:\Program Files\Java\jdk1.8.0_25\jre\bin\net.dll
0x74eb0000 - 0x74eec000 	C:\Windows\system32\mswsock.dll
0x74ea0000 - 0x74ea6000 	C:\Windows\System32\wship6.dll
0x735a0000 - 0x735bc000 	C:\Windows\system32\IPHLPAPI.DLL
0x73580000 - 0x73587000 	C:\Windows\system32\WINNSI.DLL
0x73450000 - 0x73462000 	C:\Windows\system32\dhcpcsvc.DLL
0x73440000 - 0x7344d000 	C:\Windows\system32\dhcpcsvc6.DLL
0x73620000 - 0x7362f000 	C:\Program Files\Java\jdk1.8.0_25\jre\bin\nio.dll
0x6fb10000 - 0x6fb35000 	C:\Program Files\Java\jdk1.8.0_25\jre\bin\jpeg.dll
0x73db0000 - 0x73dc3000 	C:\Windows\system32\DWMAPI.DLL
0x74130000 - 0x74170000 	C:\Windows\system32\uxtheme.dll
0x63550000 - 0x63713000 	C:\Windows\system32\d3d9.dll
0x638b0000 - 0x638b6000 	C:\Windows\system32\d3d8thk.dll
0x5c720000 - 0x5ca96000 	C:\Windows\system32\atiumdag.dll
0x5c440000 - 0x5c71c000 	C:\Windows\system32\atiumdva.dll
0x6fc90000 - 0x6fd7b000 	C:\Windows\system32\dbghelp.dll

VM Arguments:
java_command: <unknown>
java_class_path (initial): C:\Program Files\BlueJ\lib\bluej.jar;C:\Program Files\Java\jdk1.8.0_25\lib\tools.jar
Launcher Type: generic

Environment Variables:
PATH=C:\ProgramData\Oracle\Java\javapath;C:\Windows\system32;C:\Windows;C:\Windows\System32\Wbem;C:\Windows\System32\WindowsPowerShell\v1.0\;C:\Program Files\WIDCOMM\Bluetooth Software\;C:\Program Files\AMD\ATI.ACE\Core-Static
USERNAME=home
OS=Windows_NT
PROCESSOR_IDENTIFIER=x86 Family 6 Model 37 Stepping 2, GenuineIntel



---------------  S Y S T E M  ---------------

OS: Windows 7 Build 7600 

CPU:total 4 (2 cores per cpu, 2 threads per core) family 6 model 37 stepping 2, cmov, cx8, fxsr, mmx, sse, sse2, sse3, ssse3, sse4.1, sse4.2, popcnt, ht, tsc, tscinvbit

Memory: 4k page, physical 3651684k(2624424k free), swap 7301604k(6136544k free)

vm_info: Java HotSpot(TM) Client VM (25.25-b02) for windows-x86 JRE (1.8.0_25-b18), built on Oct  7 2014 14:31:05 by "java_re" with MS VC++ 10.0 (VS2010)

time: Sun Feb 15 16:18:34 2015
elapsed time: 0 seconds (0d 0h 0m 0s)

