#
# A fatal error has been detected by the Java Runtime Environment:
#
#  EXCEPTION_ACCESS_VIOLATION (0xc0000005) at pc=0x77342b79, pid=2452, tid=1320
#
# JRE version: Java(TM) SE Runtime Environment (8.0_25-b18) (build 1.8.0_25-b18)
# Java VM: Java HotSpot(TM) Client VM (25.25-b02 mixed mode, sharing windows-x86 )
# Problematic frame:
# C  [ntdll.dll+0x52b79]
#
# Failed to write core dump. Minidumps are not enabled by default on client versions of Windows
#
# If you would like to submit a bug report, please visit:
#   http://bugreport.sun.com/bugreport/crash.jsp
# The crash happened outside the Java Virtual Machine in native code.
# See problematic frame for where to report the bug.
#

---------------  T H R E A D  ---------------

Current thread (0x15ebb800):  JavaThread "AWT-Windows" daemon [_thread_in_native, id=1320, stack(0x16610000,0x16810000)]

siginfo: ExceptionCode=0xc0000005, reading address 0x167ef932

Registers:
EAX=0x00100000, EBX=0x1682c400, ECX=0x00000000, EDX=0x000007ff
ESP=0x1680dbb0, EBP=0x1680dbd8, ESI=0x167ef930, EDI=0x16910000
EIP=0x77342b79, EFLAGS=0x00210246

Top of Stack: (sp=0x1680dbb0)
0x1680dbb0:   16910000 1682c400 00000000 07010006
0x1680dbc0:   00000000 1680dba4 1691a808 1680dcc0
0x1680dbd0:   7730d74d 001f6cd8 1680dcd0 77342e7d
0x1680dbe0:   16910000 1682c400 1680dca0 00000000
0x1680dbf0:   61aba060 00000000 16910000 1682c408
0x1680dc00:   00000081 1682bff8 16910000 1682cfe0
0x1680dc10:   7734c5d8 5d080000 16810848 16910150
0x1680dc20:   0000017c 16910000 1691b958 00000081 

Instructions: (pc=0x77342b79)
0x77342b59:   57 8b 7d 08 0f b7 4f 54 33 c1 c1 e0 03 8b f3 2b
0x77342b69:   f0 3b f3 74 17 8b 47 4c 8b c8 c1 e9 14 22 4f 52
0x77342b79:   32 4e 02 f6 c1 01 0f 84 09 34 00 00 83 7f 4c 00
0x77342b89:   8b 45 10 8b 00 8d 34 c3 89 75 0c 74 1d 8b 06 89 


Register to memory mapping:

EAX=0x00100000 is pointing into the stack for thread: 0x0184b400
EBX=0x1682c400 is an unknown value
ECX=0x00000000 is an unknown value
EDX=0x000007ff is an unknown value
ESP=0x1680dbb0 is pointing into the stack for thread: 0x15ebb800
EBP=0x1680dbd8 is pointing into the stack for thread: 0x15ebb800
ESI=0x167ef930 is pointing into the stack for thread: 0x15ebb800
EDI=0x16910000 is an unknown value


Stack: [0x16610000,0x16810000],  sp=0x1680dbb0,  free space=2038k
Native frames: (J=compiled Java code, j=interpreted, Vv=VM code, C=native code)
C  [ntdll.dll+0x52b79]
C  [ntdll.dll+0x52e7d]
C  [ntdll.dll+0x52d68]
C  [kernel32.dll+0x4f1ac]
C  [atiumdag.dll+0x3dddb]
C  [atiumdva.dll+0xdd5f]
C  [atiumdva.dll+0xdc00]
C  [atiumdva.dll+0x4d8b]
C  [atiumdva.dll+0x4c9d]
C  [atiumdva.dll+0x1418]

Java frames: (J=compiled Java code, j=interpreted, Vv=VM code)
j  sun.awt.windows.WToolkit.eventLoop()V+0
j  sun.awt.windows.WToolkit.run()V+58
j  java.lang.Thread.run()V+11
v  ~StubRoutines::call_stub

---------------  P R O C E S S  ---------------

Java Threads: ( => current thread )
=>0x15ebb800 JavaThread "AWT-Windows" daemon [_thread_in_native, id=1320, stack(0x16610000,0x16810000)]
  0x15ef6800 JavaThread "AWT-Shutdown" [_thread_blocked, id=2296, stack(0x16410000,0x16610000)]
  0x15e7b400 JavaThread "Java2D Disposer" daemon [_thread_blocked, id=3496, stack(0x16210000,0x16410000)]
  0x018ddc00 JavaThread "Service Thread" daemon [_thread_blocked, id=2784, stack(0x15a10000,0x15c10000)]
  0x018ab800 JavaThread "C1 CompilerThread0" daemon [_thread_blocked, id=3796, stack(0x15810000,0x15a10000)]
  0x018a6800 JavaThread "Attach Listener" daemon [_thread_blocked, id=3244, stack(0x15610000,0x15810000)]
  0x018a3400 JavaThread "Signal Dispatcher" daemon [_thread_blocked, id=3184, stack(0x15130000,0x15330000)]
  0x01895c00 JavaThread "Finalizer" daemon [_thread_blocked, id=1988, stack(0x14f30000,0x15130000)]
  0x01890c00 JavaThread "Reference Handler" daemon [_thread_blocked, id=3476, stack(0x14d30000,0x14f30000)]
  0x0184b400 JavaThread "main" [_thread_in_native, id=2568, stack(0x00030000,0x00230000)]

Other Threads:
  0x0188e800 VMThread [stack: 0x13a00000,0x13c00000] [id=3108]
  0x018dec00 WatcherThread [stack: 0x15c10000,0x15e10000] [id=2604]

VM state:not at safepoint (normal execution)

VM Mutex/Monitor currently owned by a thread: None

Heap:
 def new generation   total 4928K, used 3096K [0x03a00000, 0x03f50000, 0x08f50000)
  eden space 4416K,  70% used [0x03a00000, 0x03d061f8, 0x03e50000)
  from space 512K,   0% used [0x03e50000, 0x03e50000, 0x03ed0000)
  to   space 512K,   0% used [0x03ed0000, 0x03ed0000, 0x03f50000)
 tenured generation   total 10944K, used 0K [0x08f50000, 0x09a00000, 0x13a00000)
   the space 10944K,   0% used [0x08f50000, 0x08f50000, 0x08f50200, 0x09a00000)
 Metaspace       used 925K, capacity 2390K, committed 2496K, reserved 4480K

Card table byte_map: [0x01630000,0x016c0000] byte_map_base: 0x01613000

Polling page: 0x00580000

CodeCache: size=32768Kb used=781Kb max_used=781Kb free=31986Kb
 bounds [0x01950000, 0x01a18000, 0x03950000]
 total_blobs=290 nmethods=99 adapters=123
 compilation: enabled

Compilation events (10 events):
Event: 0.268 Thread 0x018ab800   92             jdk.internal.org.objectweb.asm.Item::set (143 bytes)
Event: 0.269 Thread 0x018ab800 nmethod 92 0x01a0ee48 code [0x01a0ef90, 0x01a0f1a8]
Event: 0.272 Thread 0x018ab800   93             java.lang.ref.Reference::get (5 bytes)
Event: 0.272 Thread 0x018ab800 nmethod 93 0x01a0f408 code [0x01a0f500, 0x01a0f580]
Event: 0.281 Thread 0x018ab800   96             sun.awt.image.ByteInterleavedRaster::putByteData (834 bytes)
Event: 0.283 Thread 0x018ab800 nmethod 96 0x01a0ffc8 code [0x01a10180, 0x01a10b74]
Event: 0.298 Thread 0x018ab800   97             java.lang.invoke.MemberName::isInvocable (7 bytes)
Event: 0.299 Thread 0x018ab800 nmethod 97 0x01a13188 code [0x01a13280, 0x01a13320]
Event: 0.304 Thread 0x018ab800   99             jdk.internal.org.objectweb.asm.ByteVector::putShort (52 bytes)
Event: 0.304 Thread 0x018ab800 nmethod 99 0x01a13488 code [0x01a13590, 0x01a1369c]

GC Heap History (0 events):
No events

Deoptimization events (0 events):
No events

Internal exceptions (10 events):
Event: 0.066 Thread 0x0184b400 Exception <a 'java/security/PrivilegedActionException'> (0x03ad4fe0) thrown at [C:\re\workspace\8-2-build-windows-i586-cygwin\jdk8u25\1677\hotspot\src\share\vm\prims\jvm.cpp, line 1312]
Event: 0.067 Thread 0x0184b400 Exception <a 'java/security/PrivilegedActionException'> (0x03ad7378) thrown at [C:\re\workspace\8-2-build-windows-i586-cygwin\jdk8u25\1677\hotspot\src\share\vm\prims\jvm.cpp, line 1312]
Event: 0.067 Thread 0x0184b400 Exception <a 'java/security/PrivilegedActionException'> (0x03ad7528) thrown at [C:\re\workspace\8-2-build-windows-i586-cygwin\jdk8u25\1677\hotspot\src\share\vm\prims\jvm.cpp, line 1312]
Event: 0.070 Thread 0x0184b400 Exception <a 'java/io/FileNotFoundException'> (0x03ad93d0) thrown at [C:\re\workspace\8-2-build-windows-i586-cygwin\jdk8u25\1677\hotspot\src\share\vm\prims\jni.cpp, line 716]
Event: 0.240 Thread 0x0184b400 Exception <a 'java/lang/ClassNotFoundException': java/lang/Null> (0x03b69fa0) thrown at [C:\re\workspace\8-2-build-windows-i586-cygwin\jdk8u25\1677\hotspot\src\share\vm\classfile\systemDictionary.cpp, line 202]
Event: 0.256 Thread 0x0184b400 Exception <a 'java/lang/NoSuchFieldError': method resolution failed> (0x03bc45f0) thrown at [C:\re\workspace\8-2-build-windows-i586-cygwin\jdk8u25\1677\hotspot\src\share\vm\prims\methodHandles.cpp, line 1159]
Event: 0.259 Thread 0x0184b400 Exception <a 'java/lang/NoSuchFieldError': method resolution failed> (0x03bd1db8) thrown at [C:\re\workspace\8-2-build-windows-i586-cygwin\jdk8u25\1677\hotspot\src\share\vm\prims\methodHandles.cpp, line 1159]
Event: 0.260 Thread 0x0184b400 Exception <a 'java/lang/NoSuchFieldError': method resolution failed> (0x03bd4990) thrown at [C:\re\workspace\8-2-build-windows-i586-cygwin\jdk8u25\1677\hotspot\src\share\vm\prims\methodHandles.cpp, line 1159]
Event: 0.290 Thread 0x0184b400 Exception <a 'java/security/PrivilegedActionException'> (0x03cd82f0) thrown at [C:\re\workspace\8-2-build-windows-i586-cygwin\jdk8u25\1677\hotspot\src\share\vm\prims\jvm.cpp, line 1312]
Event: 0.297 Thread 0x0184b400 Exception <a 'java/io/FileNotFoundException'> (0x03ce8c80) thrown at [C:\re\workspace\8-2-build-windows-i586-cygwin\jdk8u25\1677\hotspot\src\share\vm\prims\jni.cpp, line 716]

Events (10 events):
Event: 0.279 loading class java/awt/image/ComponentColorModel
Event: 0.279 loading class java/awt/image/ComponentColorModel done
Event: 0.280 loading class sun/awt/image/ShortComponentRaster
Event: 0.281 loading class sun/awt/image/ShortComponentRaster done
Event: 0.290 loading class bluej/SplashWindow
Event: 0.290 loading class bluej/SplashWindow done
Event: 0.298 Thread 0x15ef6800 Thread added: 0x15ef6800
Event: 0.299 Thread 0x15ebb800 Thread added: 0x15ebb800
Event: 0.302 loading class java/lang/invoke/DirectMethodHandle$Special
Event: 0.302 loading class java/lang/invoke/DirectMethodHandle$Special done


Dynamic libraries:
0x00400000 - 0x004a5000 	C:\Program Files\BlueJ\BlueJ.exe
0x772f0000 - 0x7742c000 	C:\Windows\SYSTEM32\ntdll.dll
0x75fc0000 - 0x76094000 	C:\Windows\system32\kernel32.dll
0x755d0000 - 0x7561a000 	C:\Windows\system32\KERNELBASE.dll
0x77480000 - 0x77520000 	C:\Windows\system32\ADVAPI32.DLL
0x76fb0000 - 0x7705c000 	C:\Windows\system32\msvcrt.dll
0x75750000 - 0x75769000 	C:\Windows\SYSTEM32\sechost.dll
0x759d0000 - 0x75a71000 	C:\Windows\system32\RPCRT4.dll
0x75cf0000 - 0x75d6b000 	C:\Windows\system32\COMDLG32.DLL
0x75970000 - 0x759c7000 	C:\Windows\system32\SHLWAPI.dll
0x75ba0000 - 0x75bee000 	C:\Windows\system32\GDI32.dll
0x75bf0000 - 0x75cb9000 	C:\Windows\system32\USER32.dll
0x75740000 - 0x7574a000 	C:\Windows\system32\LPK.dll
0x77060000 - 0x770fd000 	C:\Windows\system32\USP10.dll
0x75510000 - 0x75594000 	C:\Windows\WinSxS\x86_microsoft.windows.common-controls_6595b64144ccf1df_5.82.7600.16385_none_ebf82fc36c758ad5\COMCTL32.dll
0x76360000 - 0x76fa9000 	C:\Windows\system32\SHELL32.dll
0x74780000 - 0x74789000 	C:\Windows\system32\VERSION.dll
0x77460000 - 0x7747f000 	C:\Windows\system32\IMM32.DLL
0x75d70000 - 0x75e3c000 	C:\Windows\system32\MSCTF.dll
0x61490000 - 0x61834000 	D:\Java\jdk1.8.0_25\jre\bin\client\jvm.dll
0x73780000 - 0x73787000 	C:\Windows\system32\WSOCK32.dll
0x75e40000 - 0x75e75000 	C:\Windows\system32\WS2_32.dll
0x77450000 - 0x77456000 	C:\Windows\system32\NSI.dll
0x70660000 - 0x70692000 	C:\Windows\system32\WINMM.dll
0x77430000 - 0x77435000 	C:\Windows\system32\PSAPI.DLL
0x613d0000 - 0x6148f000 	C:\Windows\system32\MSVCR100.dll
0x74290000 - 0x7429c000 	D:\Java\jdk1.8.0_25\jre\bin\verify.dll
0x70770000 - 0x70791000 	D:\Java\jdk1.8.0_25\jre\bin\java.dll
0x70940000 - 0x70953000 	D:\Java\jdk1.8.0_25\jre\bin\zip.dll
0x761a0000 - 0x762fc000 	C:\Windows\system32\ole32.dll
0x75440000 - 0x7544b000 	C:\Windows\system32\profapi.dll
0x61280000 - 0x613c6000 	D:\Java\jdk1.8.0_25\jre\bin\awt.dll
0x75b10000 - 0x75b9f000 	C:\Windows\system32\OLEAUT32.dll
0x74ef0000 - 0x74f06000 	C:\Windows\system32\CRYPTSP.dll
0x74c60000 - 0x74c9b000 	C:\Windows\system32\rsaenh.dll
0x74aa0000 - 0x74ab7000 	C:\Windows\system32\USERENV.dll
0x753c0000 - 0x753cc000 	C:\Windows\system32\CRYPTBASE.dll
0x70750000 - 0x70765000 	D:\Java\jdk1.8.0_25\jre\bin\net.dll
0x74eb0000 - 0x74eec000 	C:\Windows\system32\mswsock.dll
0x74ea0000 - 0x74ea6000 	C:\Windows\System32\wship6.dll
0x735a0000 - 0x735bc000 	C:\Windows\system32\IPHLPAPI.DLL
0x73580000 - 0x73587000 	C:\Windows\system32\WINNSI.DLL
0x73450000 - 0x73462000 	C:\Windows\system32\dhcpcsvc.DLL
0x73440000 - 0x7344d000 	C:\Windows\system32\dhcpcsvc6.DLL
0x73620000 - 0x7362f000 	D:\Java\jdk1.8.0_25\jre\bin\nio.dll
0x6ee60000 - 0x6ee85000 	D:\Java\jdk1.8.0_25\jre\bin\jpeg.dll
0x73db0000 - 0x73dc3000 	C:\Windows\system32\DWMAPI.DLL
0x74130000 - 0x74170000 	C:\Windows\system32\uxtheme.dll
0x63550000 - 0x63713000 	C:\Windows\system32\d3d9.dll
0x638b0000 - 0x638b6000 	C:\Windows\system32\d3d8thk.dll
0x5d360000 - 0x5d6d6000 	C:\Windows\system32\atiumdag.dll
0x5d080000 - 0x5d35c000 	C:\Windows\system32\atiumdva.dll
0x6fc90000 - 0x6fd7b000 	C:\Windows\system32\dbghelp.dll

VM Arguments:
java_command: <unknown>
java_class_path (initial): C:\Program Files\BlueJ\lib\bluej.jar;D:\Java\jdk1.8.0_25\lib\tools.jar
Launcher Type: generic

Environment Variables:
PATH=C:\ProgramData\Oracle\Java\javapath;C:\Windows\system32;C:\Windows;C:\Windows\System32\Wbem;C:\Windows\System32\WindowsPowerShell\v1.0\;C:\Program Files\WIDCOMM\Bluetooth Software\;C:\Program Files\AMD\ATI.ACE\Core-Static
USERNAME=home
OS=Windows_NT
PROCESSOR_IDENTIFIER=x86 Family 6 Model 37 Stepping 2, GenuineIntel



---------------  S Y S T E M  ---------------

OS: Windows 7 Build 7600 

CPU:total 4 (2 cores per cpu, 2 threads per core) family 6 model 37 stepping 2, cmov, cx8, fxsr, mmx, sse, sse2, sse3, ssse3, sse4.1, sse4.2, popcnt, ht, tsc, tscinvbit

Memory: 4k page, physical 3651684k(2645236k free), swap 7301604k(6072804k free)

vm_info: Java HotSpot(TM) Client VM (25.25-b02) for windows-x86 JRE (1.8.0_25-b18), built on Oct  7 2014 14:31:05 by "java_re" with MS VC++ 10.0 (VS2010)

time: Sun Feb 15 15:59:27 2015
elapsed time: 0 seconds (0d 0h 0m 0s)

